Release 14.7 - ngc2edif P.20131013 (nt)
Copyright (c) 1995-2013 Xilinx, Inc.  All rights reserved.
Reading design music.ngc ...
WARNING:NetListWriters:298 - No output is written to music.xncf, ignored.
Processing design ...
   Preping design's networks ...
   Preping design's macros ...
WARNING:NetListWriters:306 - Signal bus counter_mux0000<15 : 1> on block music
   is not reconstructed, because there are some missing bus signals.
  finished :Prep
Writing EDIF netlist file music.edif ...
ngc2edif: Total memory usage is 79800 kilobytes

Release 14.7 - ngc2edif P.20131013 (nt)
Copyright (c) 1995-2013 Xilinx, Inc.  All rights reserved.
Reading design music.ngc ...
WARNING:NetListWriters:298 - No output is written to music.xncf, ignored.
Processing design ...
   Preping design's networks ...
   Preping design's macros ...
  finished :Prep
Writing EDIF netlist file music.edif ...
ngc2edif: Total memory usage is 79172 kilobytes

Release 14.7 - ngc2edif P.20131013 (nt)
Copyright (c) 1995-2013 Xilinx, Inc.  All rights reserved.
Reading design music.ngc ...
WARNING:NetListWriters:298 - No output is written to music.xncf, ignored.
Processing design ...
   Preping design's networks ...
   Preping design's macros ...
  finished :Prep
Writing EDIF netlist file music.edif ...
ngc2edif: Total memory usage is 79172 kilobytes

Release 14.7 - ngc2edif P.20131013 (nt)
Copyright (c) 1995-2013 Xilinx, Inc.  All rights reserved.
Reading design music.ngc ...
WARNING:NetListWriters:298 - No output is written to music.xncf, ignored.
Processing design ...
   Preping design's networks ...
   Preping design's macros ...
  finished :Prep
Writing EDIF netlist file music.edif ...
ngc2edif: Total memory usage is 79236 kilobytes

Release 14.7 - ngc2edif P.20131013 (nt)
Copyright (c) 1995-2013 Xilinx, Inc.  All rights reserved.
Reading design music.ngc ...
WARNING:NetListWriters:298 - No output is written to music.xncf, ignored.
Processing design ...
   Preping design's networks ...
   Preping design's macros ...
  finished :Prep
Writing EDIF netlist file music.edif ...
ngc2edif: Total memory usage is 79492 kilobytes

